c:\users\georg\onedrive\documents\github\ct4028-assignment-gdlinford\x64\release\raycaster.pch
c:\users\georg\onedrive\documents\github\ct4028-assignment-gdlinford\x64\release\vc142.pdb
c:\users\georg\onedrive\documents\github\ct4028-assignment-gdlinford\x64\release\stdafx.obj
c:\users\georg\onedrive\documents\github\ct4028-assignment-gdlinford\x64\release\renderer.obj
c:\users\georg\onedrive\documents\github\ct4028-assignment-gdlinford\x64\release\rc_texturemanager.obj
c:\users\georg\onedrive\documents\github\ct4028-assignment-gdlinford\x64\release\rc_texture.obj
c:\users\georg\onedrive\documents\github\ct4028-assignment-gdlinford\x64\release\rc_pcxloader.obj
c:\users\georg\onedrive\documents\github\ct4028-assignment-gdlinford\x64\release\rc_imageloader.obj
c:\users\georg\onedrive\documents\github\ct4028-assignment-gdlinford\x64\release\player.obj
c:\users\georg\onedrive\documents\github\ct4028-assignment-gdlinford\x64\release\map.obj
c:\users\georg\onedrive\documents\github\ct4028-assignment-gdlinford\x64\release\main.obj
c:\users\georg\onedrive\documents\github\ct4028-assignment-gdlinford\x64\release\inputmanager.obj
c:\users\georg\onedrive\documents\github\ct4028-assignment-gdlinford\x64\release\console.obj
c:\users\georg\onedrive\documents\github\ct4028-assignment-gdlinford\x64\release\raycaster.exe
c:\users\georg\onedrive\documents\github\ct4028-assignment-gdlinford\x64\release\raycaster.pdb
c:\users\georg\onedrive\documents\github\ct4028-assignment-gdlinford\x64\release\raycaster.ipdb
c:\users\georg\onedrive\documents\github\ct4028-assignment-gdlinford\x64\release\raycaster.iobj
c:\users\georg\onedrive\documents\github\ct4028-assignment-gdlinford\x64\release\raycaster.tlog\cl.command.1.tlog
c:\users\georg\onedrive\documents\github\ct4028-assignment-gdlinford\x64\release\raycaster.tlog\cl.read.1.tlog
c:\users\georg\onedrive\documents\github\ct4028-assignment-gdlinford\x64\release\raycaster.tlog\cl.write.1.tlog
c:\users\georg\onedrive\documents\github\ct4028-assignment-gdlinford\x64\release\raycaster.tlog\link.command.1.tlog
c:\users\georg\onedrive\documents\github\ct4028-assignment-gdlinford\x64\release\raycaster.tlog\link.read.1.tlog
c:\users\georg\onedrive\documents\github\ct4028-assignment-gdlinford\x64\release\raycaster.tlog\link.write.1.tlog
c:\users\georg\onedrive\documents\github\ct4028-assignment-gdlinford\x64\release\raycaster.tlog\raycaster.write.1u.tlog
